2022-01-19 18:41:57,692:INFO:Initializing load_model()
2022-01-19 18:41:57,693:INFO:load_model(model_name=model, platform=None, authentication=None, verbose=True)
2022-01-19 18:42:49,103:INFO:Initializing load_model()
2022-01-19 18:42:49,105:INFO:load_model(model_name=model, platform=None, authentication=None, verbose=True)
2022-01-19 18:42:54,470:INFO:Initializing load_model()
2022-01-19 18:42:54,471:INFO:load_model(model_name=model, platform=None, authentication=None, verbose=True)
2022-01-19 18:42:59,459:INFO:Initializing load_model()
2022-01-19 18:42:59,460:INFO:load_model(model_name=model, platform=None, authentication=None, verbose=True)
2022-01-19 18:43:03,274:INFO:Initializing load_model()
2022-01-19 18:43:03,277:INFO:load_model(model_name=model, platform=None, authentication=None, verbose=True)
2022-01-19 18:43:27,634:INFO:Initializing load_model()
2022-01-19 18:43:27,636:INFO:load_model(model_name=model, platform=None, authentication=None, verbose=True)
2022-01-19 18:47:53,908:INFO:Initializing load_model()
2022-01-19 18:47:53,909:INFO:load_model(model_name=model, platform=None, authentication=None, verbose=True)
2022-01-19 18:48:23,974:INFO:Initializing load_model()
2022-01-19 18:48:23,976:INFO:load_model(model_name=model, platform=None, authentication=None, verbose=True)
2022-01-19 18:48:30,625:INFO:Initializing load_model()
2022-01-19 18:48:30,627:INFO:load_model(model_name=model, platform=None, authentication=None, verbose=True)
2022-01-19 18:48:30,960:INFO:Initializing predict_model()
2022-01-19 18:48:30,962:INFO:predict_model(estimator=Pipeline(steps=[('dtypes',
                 DataTypes_Auto_infer(ml_usecase='classification',
                                      numerical_features=['yearsAtCompany'],
                                      target='turnover')),
                ('imputer',
                 Simple_Imputer(categorical_strategy='not_available',
                                fill_value_categorical=None,
                                fill_value_numerical=None,
                                numeric_strategy='mean',
                                target_variable=None)),
                ('new_levels1',
                 New_Catagorical_Levels_in_TestData(rep...
                ('rem_outliers', 'passthrough'), ('cluster_all', 'passthrough'),
                ('dummy', Dummify(target='turnover')),
                ('fix_perfect', Remove_100(target='turnover')),
                ('clean_names', Clean_Colum_Names()),
                ('feature_select', 'passthrough'), ('fix_multi', 'passthrough'),
                ('dfs', 'passthrough'), ('pca', 'passthrough'),
                ['trained_model',
                 GradientBoostingClassifier(random_state=2550)]]), probability_threshold=None, encoded_labels=False, drift_report=False, raw_score=False, round=4, verbose=True, ml_usecase=MLUsecase.CLASSIFICATION, display=None)
2022-01-19 18:48:30,963:INFO:Checking exceptions
2022-01-19 18:48:30,965:INFO:Preloading libraries
2022-01-19 18:48:50,279:INFO:Initializing load_model()
2022-01-19 18:48:50,281:INFO:load_model(model_name=model, platform=None, authentication=None, verbose=True)
2022-01-19 18:48:59,491:INFO:Initializing load_model()
2022-01-19 18:48:59,493:INFO:load_model(model_name=model, platform=None, authentication=None, verbose=True)
2022-01-19 18:48:59,935:INFO:Initializing predict_model()
2022-01-19 18:48:59,936:INFO:predict_model(estimator=Pipeline(steps=[('dtypes',
                 DataTypes_Auto_infer(ml_usecase='classification',
                                      numerical_features=['yearsAtCompany'],
                                      target='turnover')),
                ('imputer',
                 Simple_Imputer(categorical_strategy='not_available',
                                fill_value_categorical=None,
                                fill_value_numerical=None,
                                numeric_strategy='mean',
                                target_variable=None)),
                ('new_levels1',
                 New_Catagorical_Levels_in_TestData(rep...
                ('rem_outliers', 'passthrough'), ('cluster_all', 'passthrough'),
                ('dummy', Dummify(target='turnover')),
                ('fix_perfect', Remove_100(target='turnover')),
                ('clean_names', Clean_Colum_Names()),
                ('feature_select', 'passthrough'), ('fix_multi', 'passthrough'),
                ('dfs', 'passthrough'), ('pca', 'passthrough'),
                ['trained_model',
                 GradientBoostingClassifier(random_state=2550)]]), probability_threshold=None, encoded_labels=False, drift_report=False, raw_score=False, round=4, verbose=True, ml_usecase=MLUsecase.CLASSIFICATION, display=None)
2022-01-19 18:48:59,947:INFO:Checking exceptions
2022-01-19 18:48:59,948:INFO:Preloading libraries
2022-01-19 18:49:13,791:INFO:Initializing load_model()
2022-01-19 18:49:13,792:INFO:load_model(model_name=model, platform=None, authentication=None, verbose=True)
2022-01-19 18:49:18,285:INFO:Initializing load_model()
2022-01-19 18:49:18,287:INFO:load_model(model_name=model, platform=None, authentication=None, verbose=True)
2022-01-19 18:49:18,562:INFO:Initializing predict_model()
2022-01-19 18:49:18,563:INFO:predict_model(estimator=Pipeline(steps=[('dtypes',
                 DataTypes_Auto_infer(ml_usecase='classification',
                                      numerical_features=['yearsAtCompany'],
                                      target='turnover')),
                ('imputer',
                 Simple_Imputer(categorical_strategy='not_available',
                                fill_value_categorical=None,
                                fill_value_numerical=None,
                                numeric_strategy='mean',
                                target_variable=None)),
                ('new_levels1',
                 New_Catagorical_Levels_in_TestData(rep...
                ('rem_outliers', 'passthrough'), ('cluster_all', 'passthrough'),
                ('dummy', Dummify(target='turnover')),
                ('fix_perfect', Remove_100(target='turnover')),
                ('clean_names', Clean_Colum_Names()),
                ('feature_select', 'passthrough'), ('fix_multi', 'passthrough'),
                ('dfs', 'passthrough'), ('pca', 'passthrough'),
                ['trained_model',
                 GradientBoostingClassifier(random_state=2550)]]), probability_threshold=None, encoded_labels=False, drift_report=False, raw_score=False, round=4, verbose=True, ml_usecase=MLUsecase.CLASSIFICATION, display=None)
2022-01-19 18:49:18,564:INFO:Checking exceptions
2022-01-19 18:49:18,566:INFO:Preloading libraries
2022-01-19 18:49:30,914:INFO:Initializing load_model()
2022-01-19 18:49:30,917:INFO:load_model(model_name=model, platform=None, authentication=None, verbose=True)
2022-01-19 18:49:36,887:INFO:Initializing load_model()
2022-01-19 18:49:36,888:INFO:load_model(model_name=model, platform=None, authentication=None, verbose=True)
2022-01-19 18:49:37,202:INFO:Initializing predict_model()
2022-01-19 18:49:37,203:INFO:predict_model(estimator=Pipeline(steps=[('dtypes',
                 DataTypes_Auto_infer(ml_usecase='classification',
                                      numerical_features=['yearsAtCompany'],
                                      target='turnover')),
                ('imputer',
                 Simple_Imputer(categorical_strategy='not_available',
                                fill_value_categorical=None,
                                fill_value_numerical=None,
                                numeric_strategy='mean',
                                target_variable=None)),
                ('new_levels1',
                 New_Catagorical_Levels_in_TestData(rep...
                ('rem_outliers', 'passthrough'), ('cluster_all', 'passthrough'),
                ('dummy', Dummify(target='turnover')),
                ('fix_perfect', Remove_100(target='turnover')),
                ('clean_names', Clean_Colum_Names()),
                ('feature_select', 'passthrough'), ('fix_multi', 'passthrough'),
                ('dfs', 'passthrough'), ('pca', 'passthrough'),
                ['trained_model',
                 GradientBoostingClassifier(random_state=2550)]]), probability_threshold=None, encoded_labels=False, drift_report=False, raw_score=False, round=4, verbose=True, ml_usecase=MLUsecase.CLASSIFICATION, display=None)
2022-01-19 18:49:37,205:INFO:Checking exceptions
2022-01-19 18:49:37,206:INFO:Preloading libraries
2022-01-19 18:49:51,362:INFO:Initializing load_model()
2022-01-19 18:49:51,363:INFO:load_model(model_name=model, platform=None, authentication=None, verbose=True)
2022-01-19 18:49:52,879:INFO:Initializing load_model()
2022-01-19 18:49:52,883:INFO:load_model(model_name=model, platform=None, authentication=None, verbose=True)
2022-01-19 18:49:53,195:INFO:Initializing predict_model()
2022-01-19 18:49:53,196:INFO:predict_model(estimator=Pipeline(steps=[('dtypes',
                 DataTypes_Auto_infer(ml_usecase='classification',
                                      numerical_features=['yearsAtCompany'],
                                      target='turnover')),
                ('imputer',
                 Simple_Imputer(categorical_strategy='not_available',
                                fill_value_categorical=None,
                                fill_value_numerical=None,
                                numeric_strategy='mean',
                                target_variable=None)),
                ('new_levels1',
                 New_Catagorical_Levels_in_TestData(rep...
                ('rem_outliers', 'passthrough'), ('cluster_all', 'passthrough'),
                ('dummy', Dummify(target='turnover')),
                ('fix_perfect', Remove_100(target='turnover')),
                ('clean_names', Clean_Colum_Names()),
                ('feature_select', 'passthrough'), ('fix_multi', 'passthrough'),
                ('dfs', 'passthrough'), ('pca', 'passthrough'),
                ['trained_model',
                 GradientBoostingClassifier(random_state=2550)]]), probability_threshold=None, encoded_labels=False, drift_report=False, raw_score=False, round=4, verbose=True, ml_usecase=MLUsecase.CLASSIFICATION, display=None)
2022-01-19 18:49:53,198:INFO:Checking exceptions
2022-01-19 18:49:53,200:INFO:Preloading libraries
2022-01-19 18:50:07,718:INFO:Initializing load_model()
2022-01-19 18:50:07,721:INFO:load_model(model_name=model, platform=None, authentication=None, verbose=True)
2022-01-19 18:50:11,390:INFO:Initializing load_model()
2022-01-19 18:50:11,392:INFO:load_model(model_name=model, platform=None, authentication=None, verbose=True)
2022-01-19 18:50:11,668:INFO:Initializing predict_model()
2022-01-19 18:50:11,669:INFO:predict_model(estimator=Pipeline(steps=[('dtypes',
                 DataTypes_Auto_infer(ml_usecase='classification',
                                      numerical_features=['yearsAtCompany'],
                                      target='turnover')),
                ('imputer',
                 Simple_Imputer(categorical_strategy='not_available',
                                fill_value_categorical=None,
                                fill_value_numerical=None,
                                numeric_strategy='mean',
                                target_variable=None)),
                ('new_levels1',
                 New_Catagorical_Levels_in_TestData(rep...
                ('rem_outliers', 'passthrough'), ('cluster_all', 'passthrough'),
                ('dummy', Dummify(target='turnover')),
                ('fix_perfect', Remove_100(target='turnover')),
                ('clean_names', Clean_Colum_Names()),
                ('feature_select', 'passthrough'), ('fix_multi', 'passthrough'),
                ('dfs', 'passthrough'), ('pca', 'passthrough'),
                ['trained_model',
                 GradientBoostingClassifier(random_state=2550)]]), probability_threshold=None, encoded_labels=False, drift_report=False, raw_score=False, round=4, verbose=True, ml_usecase=MLUsecase.CLASSIFICATION, display=None)
2022-01-19 18:50:11,679:INFO:Checking exceptions
2022-01-19 18:50:11,680:INFO:Preloading libraries
2022-01-19 18:50:23,929:INFO:Initializing load_model()
2022-01-19 18:50:23,932:INFO:load_model(model_name=model, platform=None, authentication=None, verbose=True)
2022-01-19 18:50:28,131:INFO:Initializing load_model()
2022-01-19 18:50:28,133:INFO:load_model(model_name=model, platform=None, authentication=None, verbose=True)
2022-01-19 18:50:28,402:INFO:Initializing predict_model()
2022-01-19 18:50:28,402:INFO:predict_model(estimator=Pipeline(steps=[('dtypes',
                 DataTypes_Auto_infer(ml_usecase='classification',
                                      numerical_features=['yearsAtCompany'],
                                      target='turnover')),
                ('imputer',
                 Simple_Imputer(categorical_strategy='not_available',
                                fill_value_categorical=None,
                                fill_value_numerical=None,
                                numeric_strategy='mean',
                                target_variable=None)),
                ('new_levels1',
                 New_Catagorical_Levels_in_TestData(rep...
                ('rem_outliers', 'passthrough'), ('cluster_all', 'passthrough'),
                ('dummy', Dummify(target='turnover')),
                ('fix_perfect', Remove_100(target='turnover')),
                ('clean_names', Clean_Colum_Names()),
                ('feature_select', 'passthrough'), ('fix_multi', 'passthrough'),
                ('dfs', 'passthrough'), ('pca', 'passthrough'),
                ['trained_model',
                 GradientBoostingClassifier(random_state=2550)]]), probability_threshold=None, encoded_labels=False, drift_report=False, raw_score=False, round=4, verbose=True, ml_usecase=MLUsecase.CLASSIFICATION, display=None)
2022-01-19 18:50:28,404:INFO:Checking exceptions
2022-01-19 18:50:28,406:INFO:Preloading libraries
2022-01-19 18:50:36,895:INFO:Initializing load_model()
2022-01-19 18:50:36,897:INFO:load_model(model_name=model, platform=None, authentication=None, verbose=True)
2022-01-19 18:50:40,994:INFO:Initializing load_model()
2022-01-19 18:50:40,997:INFO:load_model(model_name=model, platform=None, authentication=None, verbose=True)
2022-01-19 18:50:41,308:INFO:Initializing predict_model()
2022-01-19 18:50:41,309:INFO:predict_model(estimator=Pipeline(steps=[('dtypes',
                 DataTypes_Auto_infer(ml_usecase='classification',
                                      numerical_features=['yearsAtCompany'],
                                      target='turnover')),
                ('imputer',
                 Simple_Imputer(categorical_strategy='not_available',
                                fill_value_categorical=None,
                                fill_value_numerical=None,
                                numeric_strategy='mean',
                                target_variable=None)),
                ('new_levels1',
                 New_Catagorical_Levels_in_TestData(rep...
                ('rem_outliers', 'passthrough'), ('cluster_all', 'passthrough'),
                ('dummy', Dummify(target='turnover')),
                ('fix_perfect', Remove_100(target='turnover')),
                ('clean_names', Clean_Colum_Names()),
                ('feature_select', 'passthrough'), ('fix_multi', 'passthrough'),
                ('dfs', 'passthrough'), ('pca', 'passthrough'),
                ['trained_model',
                 GradientBoostingClassifier(random_state=2550)]]), probability_threshold=None, encoded_labels=False, drift_report=False, raw_score=False, round=4, verbose=True, ml_usecase=MLUsecase.CLASSIFICATION, display=None)
2022-01-19 18:50:41,335:INFO:Checking exceptions
2022-01-19 18:50:41,337:INFO:Preloading libraries
2022-01-19 18:50:54,120:INFO:Initializing load_model()
2022-01-19 18:50:54,122:INFO:load_model(model_name=model, platform=None, authentication=None, verbose=True)
2022-01-19 18:51:02,550:INFO:Initializing load_model()
2022-01-19 18:51:02,551:INFO:load_model(model_name=model, platform=None, authentication=None, verbose=True)
2022-01-19 18:51:08,524:INFO:Initializing load_model()
2022-01-19 18:51:08,532:INFO:load_model(model_name=model, platform=None, authentication=None, verbose=True)
2022-01-19 18:51:08,805:INFO:Initializing predict_model()
2022-01-19 18:51:08,806:INFO:predict_model(estimator=Pipeline(steps=[('dtypes',
                 DataTypes_Auto_infer(ml_usecase='classification',
                                      numerical_features=['yearsAtCompany'],
                                      target='turnover')),
                ('imputer',
                 Simple_Imputer(categorical_strategy='not_available',
                                fill_value_categorical=None,
                                fill_value_numerical=None,
                                numeric_strategy='mean',
                                target_variable=None)),
                ('new_levels1',
                 New_Catagorical_Levels_in_TestData(rep...
                ('rem_outliers', 'passthrough'), ('cluster_all', 'passthrough'),
                ('dummy', Dummify(target='turnover')),
                ('fix_perfect', Remove_100(target='turnover')),
                ('clean_names', Clean_Colum_Names()),
                ('feature_select', 'passthrough'), ('fix_multi', 'passthrough'),
                ('dfs', 'passthrough'), ('pca', 'passthrough'),
                ['trained_model',
                 GradientBoostingClassifier(random_state=2550)]]), probability_threshold=None, encoded_labels=False, drift_report=False, raw_score=False, round=4, verbose=True, ml_usecase=MLUsecase.CLASSIFICATION, display=None)
2022-01-19 18:51:08,808:INFO:Checking exceptions
2022-01-19 18:51:08,810:INFO:Preloading libraries
2022-01-19 18:51:21,813:INFO:Initializing load_model()
2022-01-19 18:51:21,815:INFO:load_model(model_name=model, platform=None, authentication=None, verbose=True)
2022-01-19 18:51:24,173:INFO:Initializing load_model()
2022-01-19 18:51:24,175:INFO:load_model(model_name=model, platform=None, authentication=None, verbose=True)
2022-01-19 18:51:24,420:INFO:Initializing predict_model()
2022-01-19 18:51:24,421:INFO:predict_model(estimator=Pipeline(steps=[('dtypes',
                 DataTypes_Auto_infer(ml_usecase='classification',
                                      numerical_features=['yearsAtCompany'],
                                      target='turnover')),
                ('imputer',
                 Simple_Imputer(categorical_strategy='not_available',
                                fill_value_categorical=None,
                                fill_value_numerical=None,
                                numeric_strategy='mean',
                                target_variable=None)),
                ('new_levels1',
                 New_Catagorical_Levels_in_TestData(rep...
                ('rem_outliers', 'passthrough'), ('cluster_all', 'passthrough'),
                ('dummy', Dummify(target='turnover')),
                ('fix_perfect', Remove_100(target='turnover')),
                ('clean_names', Clean_Colum_Names()),
                ('feature_select', 'passthrough'), ('fix_multi', 'passthrough'),
                ('dfs', 'passthrough'), ('pca', 'passthrough'),
                ['trained_model',
                 GradientBoostingClassifier(random_state=2550)]]), probability_threshold=None, encoded_labels=False, drift_report=False, raw_score=False, round=4, verbose=True, ml_usecase=MLUsecase.CLASSIFICATION, display=None)
2022-01-19 18:51:24,429:INFO:Checking exceptions
2022-01-19 18:51:24,430:INFO:Preloading libraries
2022-01-19 18:51:39,302:INFO:Initializing load_model()
2022-01-19 18:51:39,304:INFO:load_model(model_name=model, platform=None, authentication=None, verbose=True)
2022-01-19 18:51:42,602:INFO:Initializing load_model()
2022-01-19 18:51:42,604:INFO:load_model(model_name=model, platform=None, authentication=None, verbose=True)
2022-01-19 18:51:43,272:INFO:Initializing predict_model()
2022-01-19 18:51:43,273:INFO:predict_model(estimator=Pipeline(steps=[('dtypes',
                 DataTypes_Auto_infer(ml_usecase='classification',
                                      numerical_features=['yearsAtCompany'],
                                      target='turnover')),
                ('imputer',
                 Simple_Imputer(categorical_strategy='not_available',
                                fill_value_categorical=None,
                                fill_value_numerical=None,
                                numeric_strategy='mean',
                                target_variable=None)),
                ('new_levels1',
                 New_Catagorical_Levels_in_TestData(rep...
                ('rem_outliers', 'passthrough'), ('cluster_all', 'passthrough'),
                ('dummy', Dummify(target='turnover')),
                ('fix_perfect', Remove_100(target='turnover')),
                ('clean_names', Clean_Colum_Names()),
                ('feature_select', 'passthrough'), ('fix_multi', 'passthrough'),
                ('dfs', 'passthrough'), ('pca', 'passthrough'),
                ['trained_model',
                 GradientBoostingClassifier(random_state=2550)]]), probability_threshold=None, encoded_labels=False, drift_report=False, raw_score=False, round=4, verbose=True, ml_usecase=MLUsecase.CLASSIFICATION, display=None)
2022-01-19 18:51:43,275:INFO:Checking exceptions
2022-01-19 18:51:43,277:INFO:Preloading libraries
2022-01-19 18:51:53,823:INFO:Initializing load_model()
2022-01-19 18:51:53,825:INFO:load_model(model_name=model, platform=None, authentication=None, verbose=True)
2022-01-19 18:51:57,362:INFO:Initializing load_model()
2022-01-19 18:51:57,364:INFO:load_model(model_name=model, platform=None, authentication=None, verbose=True)
2022-01-19 18:51:57,712:INFO:Initializing predict_model()
2022-01-19 18:51:57,715:INFO:predict_model(estimator=Pipeline(steps=[('dtypes',
                 DataTypes_Auto_infer(ml_usecase='classification',
                                      numerical_features=['yearsAtCompany'],
                                      target='turnover')),
                ('imputer',
                 Simple_Imputer(categorical_strategy='not_available',
                                fill_value_categorical=None,
                                fill_value_numerical=None,
                                numeric_strategy='mean',
                                target_variable=None)),
                ('new_levels1',
                 New_Catagorical_Levels_in_TestData(rep...
                ('rem_outliers', 'passthrough'), ('cluster_all', 'passthrough'),
                ('dummy', Dummify(target='turnover')),
                ('fix_perfect', Remove_100(target='turnover')),
                ('clean_names', Clean_Colum_Names()),
                ('feature_select', 'passthrough'), ('fix_multi', 'passthrough'),
                ('dfs', 'passthrough'), ('pca', 'passthrough'),
                ['trained_model',
                 GradientBoostingClassifier(random_state=2550)]]), probability_threshold=None, encoded_labels=False, drift_report=False, raw_score=False, round=4, verbose=True, ml_usecase=MLUsecase.CLASSIFICATION, display=None)
2022-01-19 18:51:57,718:INFO:Checking exceptions
2022-01-19 18:51:57,720:INFO:Preloading libraries
2022-01-19 18:52:11,328:INFO:Initializing load_model()
2022-01-19 18:52:11,331:INFO:load_model(model_name=model, platform=None, authentication=None, verbose=True)
2022-01-19 18:52:14,981:INFO:Initializing load_model()
2022-01-19 18:52:14,982:INFO:load_model(model_name=model, platform=None, authentication=None, verbose=True)
2022-01-19 18:52:15,366:INFO:Initializing predict_model()
2022-01-19 18:52:15,367:INFO:predict_model(estimator=Pipeline(steps=[('dtypes',
                 DataTypes_Auto_infer(ml_usecase='classification',
                                      numerical_features=['yearsAtCompany'],
                                      target='turnover')),
                ('imputer',
                 Simple_Imputer(categorical_strategy='not_available',
                                fill_value_categorical=None,
                                fill_value_numerical=None,
                                numeric_strategy='mean',
                                target_variable=None)),
                ('new_levels1',
                 New_Catagorical_Levels_in_TestData(rep...
                ('rem_outliers', 'passthrough'), ('cluster_all', 'passthrough'),
                ('dummy', Dummify(target='turnover')),
                ('fix_perfect', Remove_100(target='turnover')),
                ('clean_names', Clean_Colum_Names()),
                ('feature_select', 'passthrough'), ('fix_multi', 'passthrough'),
                ('dfs', 'passthrough'), ('pca', 'passthrough'),
                ['trained_model',
                 GradientBoostingClassifier(random_state=2550)]]), probability_threshold=None, encoded_labels=False, drift_report=False, raw_score=False, round=4, verbose=True, ml_usecase=MLUsecase.CLASSIFICATION, display=None)
2022-01-19 18:52:15,372:INFO:Checking exceptions
2022-01-19 18:52:15,374:INFO:Preloading libraries
2022-01-20 13:41:15,698:INFO:Initializing load_model()
2022-01-20 13:41:15,700:INFO:load_model(model_name=model, platform=None, authentication=None, verbose=True)
2022-01-20 13:41:51,472:INFO:Initializing load_model()
2022-01-20 13:41:51,474:INFO:load_model(model_name=model, platform=None, authentication=None, verbose=True)
2022-01-20 13:41:51,924:INFO:Initializing predict_model()
2022-01-20 13:41:51,933:INFO:predict_model(estimator=Pipeline(steps=[('dtypes',
                 DataTypes_Auto_infer(ml_usecase='classification',
                                      numerical_features=['yearsAtCompany'],
                                      target='turnover')),
                ('imputer',
                 Simple_Imputer(categorical_strategy='not_available',
                                fill_value_categorical=None,
                                fill_value_numerical=None,
                                numeric_strategy='mean',
                                target_variable=None)),
                ('new_levels1',
                 New_Catagorical_Levels_in_TestData(rep...
                ('rem_outliers', 'passthrough'), ('cluster_all', 'passthrough'),
                ('dummy', Dummify(target='turnover')),
                ('fix_perfect', Remove_100(target='turnover')),
                ('clean_names', Clean_Colum_Names()),
                ('feature_select', 'passthrough'), ('fix_multi', 'passthrough'),
                ('dfs', 'passthrough'), ('pca', 'passthrough'),
                ['trained_model',
                 GradientBoostingClassifier(random_state=2550)]]), probability_threshold=None, encoded_labels=False, drift_report=False, raw_score=False, round=4, verbose=True, ml_usecase=MLUsecase.CLASSIFICATION, display=None)
2022-01-20 13:41:51,934:INFO:Checking exceptions
2022-01-20 13:41:51,934:INFO:Preloading libraries
2022-01-20 13:42:02,015:INFO:Initializing load_model()
2022-01-20 13:42:02,017:INFO:load_model(model_name=model, platform=None, authentication=None, verbose=True)
2022-01-20 13:42:02,573:INFO:Initializing load_model()
2022-01-20 13:42:02,576:INFO:load_model(model_name=model, platform=None, authentication=None, verbose=True)
2022-01-20 13:42:04,489:INFO:Initializing load_model()
2022-01-20 13:42:04,491:INFO:load_model(model_name=model, platform=None, authentication=None, verbose=True)
2022-01-20 13:42:04,988:INFO:Initializing load_model()
2022-01-20 13:42:04,994:INFO:load_model(model_name=model, platform=None, authentication=None, verbose=True)
2022-01-20 13:42:06,804:INFO:Initializing load_model()
2022-01-20 13:42:06,806:INFO:load_model(model_name=model, platform=None, authentication=None, verbose=True)
2022-01-20 13:42:07,242:INFO:Initializing load_model()
2022-01-20 13:42:07,244:INFO:load_model(model_name=model, platform=None, authentication=None, verbose=True)
2022-01-20 13:42:08,779:INFO:Initializing load_model()
2022-01-20 13:42:08,781:INFO:load_model(model_name=model, platform=None, authentication=None, verbose=True)
2022-01-20 13:42:09,200:INFO:Initializing load_model()
2022-01-20 13:42:09,206:INFO:load_model(model_name=model, platform=None, authentication=None, verbose=True)
2022-01-20 13:42:11,093:INFO:Initializing load_model()
2022-01-20 13:42:11,094:INFO:load_model(model_name=model, platform=None, authentication=None, verbose=True)
2022-01-20 13:42:11,540:INFO:Initializing load_model()
2022-01-20 13:42:11,558:INFO:load_model(model_name=model, platform=None, authentication=None, verbose=True)
2022-01-20 13:42:13,066:INFO:Initializing load_model()
2022-01-20 13:42:13,067:INFO:load_model(model_name=model, platform=None, authentication=None, verbose=True)
2022-01-20 13:42:13,540:INFO:Initializing load_model()
2022-01-20 13:42:13,547:INFO:load_model(model_name=model, platform=None, authentication=None, verbose=True)
2022-01-20 13:42:18,159:INFO:Initializing load_model()
2022-01-20 13:42:18,162:INFO:load_model(model_name=model, platform=None, authentication=None, verbose=True)
2022-01-20 13:42:18,433:INFO:Initializing predict_model()
2022-01-20 13:42:18,434:INFO:predict_model(estimator=Pipeline(steps=[('dtypes',
                 DataTypes_Auto_infer(ml_usecase='classification',
                                      numerical_features=['yearsAtCompany'],
                                      target='turnover')),
                ('imputer',
                 Simple_Imputer(categorical_strategy='not_available',
                                fill_value_categorical=None,
                                fill_value_numerical=None,
                                numeric_strategy='mean',
                                target_variable=None)),
                ('new_levels1',
                 New_Catagorical_Levels_in_TestData(rep...
                ('rem_outliers', 'passthrough'), ('cluster_all', 'passthrough'),
                ('dummy', Dummify(target='turnover')),
                ('fix_perfect', Remove_100(target='turnover')),
                ('clean_names', Clean_Colum_Names()),
                ('feature_select', 'passthrough'), ('fix_multi', 'passthrough'),
                ('dfs', 'passthrough'), ('pca', 'passthrough'),
                ['trained_model',
                 GradientBoostingClassifier(random_state=2550)]]), probability_threshold=None, encoded_labels=False, drift_report=False, raw_score=False, round=4, verbose=True, ml_usecase=MLUsecase.CLASSIFICATION, display=None)
2022-01-20 13:42:18,436:INFO:Checking exceptions
2022-01-20 13:42:18,437:INFO:Preloading libraries
2022-01-20 13:42:54,399:INFO:Initializing load_model()
2022-01-20 13:42:54,400:INFO:load_model(model_name=model, platform=None, authentication=None, verbose=True)
2022-01-20 13:42:55,124:INFO:Initializing load_model()
2022-01-20 13:42:55,135:INFO:load_model(model_name=model, platform=None, authentication=None, verbose=True)
2022-01-20 13:43:16,006:INFO:Initializing load_model()
2022-01-20 13:43:16,008:INFO:load_model(model_name=model, platform=None, authentication=None, verbose=True)
2022-01-20 19:34:22,643:INFO:Initializing load_model()
2022-01-20 19:34:22,644:INFO:load_model(model_name=model, platform=None, authentication=None, verbose=True)
2022-01-20 19:34:56,033:INFO:Initializing load_model()
2022-01-20 19:34:56,042:INFO:load_model(model_name=model, platform=None, authentication=None, verbose=True)
2022-01-20 19:34:56,472:INFO:Initializing predict_model()
2022-01-20 19:34:56,475:INFO:predict_model(estimator=Pipeline(steps=[('dtypes',
                 DataTypes_Auto_infer(ml_usecase='classification',
                                      numerical_features=['yearsAtCompany'],
                                      target='turnover')),
                ('imputer',
                 Simple_Imputer(categorical_strategy='not_available',
                                fill_value_categorical=None,
                                fill_value_numerical=None,
                                numeric_strategy='mean',
                                target_variable=None)),
                ('new_levels1',
                 New_Catagorical_Levels_in_TestData(rep...
                ('rem_outliers', 'passthrough'), ('cluster_all', 'passthrough'),
                ('dummy', Dummify(target='turnover')),
                ('fix_perfect', Remove_100(target='turnover')),
                ('clean_names', Clean_Colum_Names()),
                ('feature_select', 'passthrough'), ('fix_multi', 'passthrough'),
                ('dfs', 'passthrough'), ('pca', 'passthrough'),
                ['trained_model',
                 GradientBoostingClassifier(random_state=2558)]]), probability_threshold=None, encoded_labels=False, drift_report=False, raw_score=False, round=4, verbose=True, ml_usecase=MLUsecase.CLASSIFICATION, display=None)
2022-01-20 19:34:56,477:INFO:Checking exceptions
2022-01-20 19:34:56,478:INFO:Preloading libraries
2022-01-20 19:35:24,439:INFO:Initializing load_model()
2022-01-20 19:35:24,441:INFO:load_model(model_name=model, platform=None, authentication=None, verbose=True)
2022-01-20 19:35:33,522:INFO:Initializing load_model()
2022-01-20 19:35:33,523:INFO:load_model(model_name=model, platform=None, authentication=None, verbose=True)
2022-01-20 19:35:33,816:INFO:Initializing predict_model()
2022-01-20 19:35:33,817:INFO:predict_model(estimator=Pipeline(steps=[('dtypes',
                 DataTypes_Auto_infer(ml_usecase='classification',
                                      numerical_features=['yearsAtCompany'],
                                      target='turnover')),
                ('imputer',
                 Simple_Imputer(categorical_strategy='not_available',
                                fill_value_categorical=None,
                                fill_value_numerical=None,
                                numeric_strategy='mean',
                                target_variable=None)),
                ('new_levels1',
                 New_Catagorical_Levels_in_TestData(rep...
                ('rem_outliers', 'passthrough'), ('cluster_all', 'passthrough'),
                ('dummy', Dummify(target='turnover')),
                ('fix_perfect', Remove_100(target='turnover')),
                ('clean_names', Clean_Colum_Names()),
                ('feature_select', 'passthrough'), ('fix_multi', 'passthrough'),
                ('dfs', 'passthrough'), ('pca', 'passthrough'),
                ['trained_model',
                 GradientBoostingClassifier(random_state=2558)]]), probability_threshold=None, encoded_labels=False, drift_report=False, raw_score=False, round=4, verbose=True, ml_usecase=MLUsecase.CLASSIFICATION, display=None)
2022-01-20 19:35:33,819:INFO:Checking exceptions
2022-01-20 19:35:33,821:INFO:Preloading libraries
2022-01-20 19:35:46,543:INFO:Initializing load_model()
2022-01-20 19:35:46,545:INFO:load_model(model_name=model, platform=None, authentication=None, verbose=True)
2022-01-20 19:35:53,464:INFO:Initializing load_model()
2022-01-20 19:35:53,465:INFO:load_model(model_name=model, platform=None, authentication=None, verbose=True)
2022-01-20 19:35:53,772:INFO:Initializing predict_model()
2022-01-20 19:35:53,773:INFO:predict_model(estimator=Pipeline(steps=[('dtypes',
                 DataTypes_Auto_infer(ml_usecase='classification',
                                      numerical_features=['yearsAtCompany'],
                                      target='turnover')),
                ('imputer',
                 Simple_Imputer(categorical_strategy='not_available',
                                fill_value_categorical=None,
                                fill_value_numerical=None,
                                numeric_strategy='mean',
                                target_variable=None)),
                ('new_levels1',
                 New_Catagorical_Levels_in_TestData(rep...
                ('rem_outliers', 'passthrough'), ('cluster_all', 'passthrough'),
                ('dummy', Dummify(target='turnover')),
                ('fix_perfect', Remove_100(target='turnover')),
                ('clean_names', Clean_Colum_Names()),
                ('feature_select', 'passthrough'), ('fix_multi', 'passthrough'),
                ('dfs', 'passthrough'), ('pca', 'passthrough'),
                ['trained_model',
                 GradientBoostingClassifier(random_state=2558)]]), probability_threshold=None, encoded_labels=False, drift_report=False, raw_score=False, round=4, verbose=True, ml_usecase=MLUsecase.CLASSIFICATION, display=None)
2022-01-20 19:35:53,777:INFO:Checking exceptions
2022-01-20 19:35:53,779:INFO:Preloading libraries
2022-01-20 19:36:15,739:INFO:Initializing load_model()
2022-01-20 19:36:15,741:INFO:load_model(model_name=model, platform=None, authentication=None, verbose=True)
2022-01-20 19:36:19,555:INFO:Initializing load_model()
2022-01-20 19:36:19,557:INFO:load_model(model_name=model, platform=None, authentication=None, verbose=True)
2022-01-20 19:36:19,952:INFO:Initializing predict_model()
2022-01-20 19:36:19,960:INFO:predict_model(estimator=Pipeline(steps=[('dtypes',
                 DataTypes_Auto_infer(ml_usecase='classification',
                                      numerical_features=['yearsAtCompany'],
                                      target='turnover')),
                ('imputer',
                 Simple_Imputer(categorical_strategy='not_available',
                                fill_value_categorical=None,
                                fill_value_numerical=None,
                                numeric_strategy='mean',
                                target_variable=None)),
                ('new_levels1',
                 New_Catagorical_Levels_in_TestData(rep...
                ('rem_outliers', 'passthrough'), ('cluster_all', 'passthrough'),
                ('dummy', Dummify(target='turnover')),
                ('fix_perfect', Remove_100(target='turnover')),
                ('clean_names', Clean_Colum_Names()),
                ('feature_select', 'passthrough'), ('fix_multi', 'passthrough'),
                ('dfs', 'passthrough'), ('pca', 'passthrough'),
                ['trained_model',
                 GradientBoostingClassifier(random_state=2558)]]), probability_threshold=None, encoded_labels=False, drift_report=False, raw_score=False, round=4, verbose=True, ml_usecase=MLUsecase.CLASSIFICATION, display=None)
2022-01-20 19:36:19,961:INFO:Checking exceptions
2022-01-20 19:36:19,962:INFO:Preloading libraries
2022-01-20 19:36:28,462:INFO:Initializing load_model()
2022-01-20 19:36:28,464:INFO:load_model(model_name=model, platform=None, authentication=None, verbose=True)
2022-01-20 19:36:32,768:INFO:Initializing load_model()
2022-01-20 19:36:32,770:INFO:load_model(model_name=model, platform=None, authentication=None, verbose=True)
2022-01-20 19:36:33,208:INFO:Initializing predict_model()
2022-01-20 19:36:33,210:INFO:predict_model(estimator=Pipeline(steps=[('dtypes',
                 DataTypes_Auto_infer(ml_usecase='classification',
                                      numerical_features=['yearsAtCompany'],
                                      target='turnover')),
                ('imputer',
                 Simple_Imputer(categorical_strategy='not_available',
                                fill_value_categorical=None,
                                fill_value_numerical=None,
                                numeric_strategy='mean',
                                target_variable=None)),
                ('new_levels1',
                 New_Catagorical_Levels_in_TestData(rep...
                ('rem_outliers', 'passthrough'), ('cluster_all', 'passthrough'),
                ('dummy', Dummify(target='turnover')),
                ('fix_perfect', Remove_100(target='turnover')),
                ('clean_names', Clean_Colum_Names()),
                ('feature_select', 'passthrough'), ('fix_multi', 'passthrough'),
                ('dfs', 'passthrough'), ('pca', 'passthrough'),
                ['trained_model',
                 GradientBoostingClassifier(random_state=2558)]]), probability_threshold=None, encoded_labels=False, drift_report=False, raw_score=False, round=4, verbose=True, ml_usecase=MLUsecase.CLASSIFICATION, display=None)
2022-01-20 19:36:33,211:INFO:Checking exceptions
2022-01-20 19:36:33,212:INFO:Preloading libraries
2022-01-20 19:36:44,405:INFO:Initializing load_model()
2022-01-20 19:36:44,419:INFO:load_model(model_name=model, platform=None, authentication=None, verbose=True)
2022-01-20 19:36:50,707:INFO:Initializing load_model()
2022-01-20 19:36:50,709:INFO:load_model(model_name=model, platform=None, authentication=None, verbose=True)
2022-01-20 19:36:51,147:INFO:Initializing predict_model()
2022-01-20 19:36:51,157:INFO:predict_model(estimator=Pipeline(steps=[('dtypes',
                 DataTypes_Auto_infer(ml_usecase='classification',
                                      numerical_features=['yearsAtCompany'],
                                      target='turnover')),
                ('imputer',
                 Simple_Imputer(categorical_strategy='not_available',
                                fill_value_categorical=None,
                                fill_value_numerical=None,
                                numeric_strategy='mean',
                                target_variable=None)),
                ('new_levels1',
                 New_Catagorical_Levels_in_TestData(rep...
                ('rem_outliers', 'passthrough'), ('cluster_all', 'passthrough'),
                ('dummy', Dummify(target='turnover')),
                ('fix_perfect', Remove_100(target='turnover')),
                ('clean_names', Clean_Colum_Names()),
                ('feature_select', 'passthrough'), ('fix_multi', 'passthrough'),
                ('dfs', 'passthrough'), ('pca', 'passthrough'),
                ['trained_model',
                 GradientBoostingClassifier(random_state=2558)]]), probability_threshold=None, encoded_labels=False, drift_report=False, raw_score=False, round=4, verbose=True, ml_usecase=MLUsecase.CLASSIFICATION, display=None)
2022-01-20 19:36:51,159:INFO:Checking exceptions
2022-01-20 19:36:51,170:INFO:Preloading libraries
